[  0%] Built target std_msgs_generate_messages_nodejs
[  0%] Built target geometry_msgs_generate_messages_nodejs
[  0%] Built target geometry_msgs_generate_messages_lisp
[  0%] Built target geometry_msgs_generate_messages_eus
[  0%] Built target geometry_msgs_generate_messages_cpp
[  0%] Built target std_msgs_generate_messages_py
[  0%] Built target std_msgs_generate_messages_eus
[  0%] Built target std_msgs_generate_messages_cpp
[  0%] Built target geometry_msgs_generate_messages_py
[  0%] Built target std_msgs_generate_messages_lisp
[  0%] Built target _actividad_1_generate_messages_check_deps_Floor
[ 14%] [34m[1mGenerating Python from MSG actividad_1/Floor[0m
[ 28%] [34m[1mGenerating Lisp code from actividad_1/Floor.msg[0m
[ 42%] [34m[1mGenerating EusLisp code from actividad_1/Floor.msg[0m
[ 57%] [34m[1mGenerating Javascript code from actividad_1/Floor.msg[0m
[ 71%] [34m[1mGenerating C++ code from actividad_1/Floor.msg[0m
[ 71%] Built target actividad_1_generate_messages_lisp
[ 71%] Built target actividad_1_generate_messages_nodejs
[ 85%] Built target actividad_1_generate_messages_eus
[ 85%] Built target actividad_1_generate_messages_cpp
[100%] [34m[1mGenerating Python msg __init__.py for actividad_1[0m
[100%] Built target actividad_1_generate_messages_py
[100%] Built target actividad_1_generate_messages
